  gl_core_3_3.c
  main.cpp
C:\Code\github_repo\assignment2_Shuqi Liao\assignment2\base_freeglut\main.cpp(141,59): warning C4305: 'argument': truncation from 'double' to '_Ty'
          with
          [
              _Ty=float
          ]
C:\Code\github_repo\assignment2_Shuqi Liao\assignment2\base_freeglut\main.cpp(217,16): warning C4244: 'initializing': conversion from 'int' to 'float', possible loss of data
C:\Code\github_repo\assignment2_Shuqi Liao\assignment2\base_freeglut\main.cpp(217,37): warning C4244: 'initializing': conversion from 'int' to 'float', possible loss of data
C:\Code\github_repo\assignment2_Shuqi Liao\assignment2\base_freeglut\main.cpp(246,24): warning C4267: '=': conversion from 'size_t' to 'GLsizei', possible loss of data
C:\Code\github_repo\assignment2_Shuqi Liao\assignment2\base_freeglut\main.cpp(437,16): warning C4244: 'initializing': conversion from 'double' to 'float', possible loss of data
C:\Code\github_repo\assignment2_Shuqi Liao\assignment2\base_freeglut\main.cpp(450,16): warning C4244: 'initializing': conversion from 'double' to 'float', possible loss of data
C:\Code\github_repo\assignment2_Shuqi Liao\assignment2\base_freeglut\main.cpp(509,16): warning C4244: 'initializing': conversion from 'double' to 'GLint', possible loss of data
C:\Code\github_repo\assignment2_Shuqi Liao\assignment2\base_freeglut\main.cpp(510,16): warning C4244: 'initializing': conversion from 'double' to 'GLint', possible loss of data
C:\Code\github_repo\assignment2_Shuqi Liao\assignment2\base_freeglut\main.cpp(496,15): warning C4996: 'fopen': This function or variable may be unsafe. Consider using fopen_s instead. To disable deprecation, use _CRT_SECURE_NO_WARNINGS. See online help for details.
C:\Code\github_repo\assignment2_Shuqi Liao\assignment2\base_freeglut\main.cpp(501,15): warning C4996: 'fopen': This function or variable may be unsafe. Consider using fopen_s instead. To disable deprecation, use _CRT_SECURE_NO_WARNINGS. See online help for details.
C:\Code\github_repo\assignment2_Shuqi Liao\assignment2\base_freeglut\main.cpp(535,18): warning C4244: 'initializing': conversion from 'double' to 'float', possible loss of data
C:\Code\github_repo\assignment2_Shuqi Liao\assignment2\base_freeglut\main.cpp(536,19): warning C4244: 'initializing': conversion from 'double' to 'float', possible loss of data
  mesh.cpp
C:\Code\github_repo\assignment2_Shuqi Liao\assignment2\base_freeglut\mesh.cpp(119,26): warning C4267: '=': conversion from 'size_t' to 'GLsizei', possible loss of data
C:\Code\github_repo\assignment2_Shuqi Liao\assignment2\base_freeglut\mesh.cpp(152,21): warning C4267: 'return': conversion from 'size_t' to 'int', possible loss of data
C:\Code\github_repo\assignment2_Shuqi Liao\assignment2\base_freeglut\mesh.cpp(155,2): warning C4267: 'initializing': conversion from 'size_t' to 'int', possible loss of data
  util.cpp
C:\Code\github_repo\assignment2_Shuqi Liao\assignment2\base_freeglut\util.cpp(22,32): warning C4267: 'initializing': conversion from 'size_t' to 'GLint', possible loss of data
  Generating code
  961 of 972 functions (98.9%) were compiled, the rest were copied from previous compilation.
    10 functions were new in current compilation
    2 functions had inline decision re-evaluated but remain unchanged
  Finished generating code
  base_freeglut.vcxproj -> C:\Code\github_repo\assignment2_Shuqi Liao\assignment2\base_freeglut\x64\Release\base_freeglut.exe
